<?xml version="1.0" encoding="UTF-8"?>
<!-- Generated by org.testng.reporters.JUnitXMLReporter -->
<testsuite ignored="0" hostname="STDPW03F8G8" failures="1" tests="1" name="Default test" time="26.912" errors="0" timestamp="2023-03-16T16:44:41 GMT">
  <testcase classname="io.cucumber.testng.AbstractTestNGCucumberTests" name="runScenario" time="25.528">
    <failure type="com.microsoft.playwright.PlaywrightException" message="Error {
  message=&amp;apos;connect ETIMEDOUT 51.132.54.35:443
=========================== logs ===========================
→ GET https://cle-api-pf-demo.services.staging.premfina.com/ping
  user-agent: Playwright/1.30.0-beta-1674276599000 (x64; windows 10.0) java/17
  accept: */*
  accept-encoding: gzip,deflate,br
  content-type: application/json
============================================================
  name=&amp;apos;Error
  stack=&amp;apos;Error: connect ETIMEDOUT 51.132.54.35:443
=========================== logs ===========================
→ GET https://cle-api-pf-demo.services.staging.premfina.com/ping
  user-agent: Playwright/1.30.0-beta-1674276599000 (x64; windows 10.0) java/17
  accept: */*
  accept-encoding: gzip,deflate,br
  content-type: application/json
============================================================
    at TCPConnectWrap.afterConnect [as oncomplete] (node:net:1278:16)
}">
      <![CDATA[com.microsoft.playwright.PlaywrightException: Error {
  message='connect ETIMEDOUT 51.132.54.35:443
=========================== logs ===========================
→ GET https://cle-api-pf-demo.services.staging.premfina.com/ping
  user-agent: Playwright/1.30.0-beta-1674276599000 (x64; windows 10.0) java/17
  accept: */*
  accept-encoding: gzip,deflate,br
  content-type: application/json
============================================================
  name='Error
  stack='Error: connect ETIMEDOUT 51.132.54.35:443
=========================== logs ===========================
→ GET https://cle-api-pf-demo.services.staging.premfina.com/ping
  user-agent: Playwright/1.30.0-beta-1674276599000 (x64; windows 10.0) java/17
  accept: */*
  accept-encoding: gzip,deflate,br
  content-type: application/json
============================================================
    at TCPConnectWrap.afterConnect [as oncomplete] (node:net:1278:16)
}
at com.microsoft.playwright.impl.WaitableResult.get(WaitableResult.java:54)
at com.microsoft.playwright.impl.ChannelOwner.runUntil(ChannelOwner.java:111)
at com.microsoft.playwright.impl.Connection.sendMessage(Connection.java:119)
at com.microsoft.playwright.impl.ChannelOwner.sendMessage(ChannelOwner.java:102)
at com.microsoft.playwright.impl.APIRequestContextImpl.fetchImpl(APIRequestContextImpl.java:119)
at com.microsoft.playwright.impl.APIRequestContextImpl.lambda$fetch$1(APIRequestContextImpl.java:43)
at com.microsoft.playwright.impl.LoggingSupport.withLogging(LoggingSupport.java:47)
at com.microsoft.playwright.impl.ChannelOwner.withLogging(ChannelOwner.java:87)
at com.microsoft.playwright.impl.APIRequestContextImpl.fetch(APIRequestContextImpl.java:43)
at com.microsoft.playwright.impl.APIRequestContextImpl.get(APIRequestContextImpl.java:160)
at com.microsoft.playwright.APIRequestContext.get(APIRequestContext.java:249)
at apiPW.com.api.tests.AppTests.pingEnv(AppTests.java:69)
at ✽.ping the environment and status should be success(file:///C:/Users/KrishnaUmapathy/eclipse-workspace/com.api.pw/src/main/java/apiPW/com/api/features/Login.feature:27)
Caused by: com.microsoft.playwright.impl.DriverException: Error {
  message='connect ETIMEDOUT 51.132.54.35:443
=========================== logs ===========================
→ GET https://cle-api-pf-demo.services.staging.premfina.com/ping
  user-agent: Playwright/1.30.0-beta-1674276599000 (x64; windows 10.0) java/17
  accept: */*
  accept-encoding: gzip,deflate,br
  content-type: application/json
============================================================
  name='Error
  stack='Error: connect ETIMEDOUT 51.132.54.35:443
=========================== logs ===========================
→ GET https://cle-api-pf-demo.services.staging.premfina.com/ping
  user-agent: Playwright/1.30.0-beta-1674276599000 (x64; windows 10.0) java/17
  accept: */*
  accept-encoding: gzip,deflate,br
  content-type: application/json
============================================================
    at TCPConnectWrap.afterConnect [as oncomplete] (node:net:1278:16)
}
at com.microsoft.playwright.impl.Connection.dispatch(Connection.java:201)
at com.microsoft.playwright.impl.Connection.processOneMessage(Connection.java:181)
at com.microsoft.playwright.impl.ChannelOwner.runUntil(ChannelOwner.java:109)
at com.microsoft.playwright.impl.Connection.sendMessage(Connection.java:119)
at com.microsoft.playwright.impl.ChannelOwner.sendMessage(ChannelOwner.java:102)
at com.microsoft.playwright.impl.APIRequestContextImpl.fetchImpl(APIRequestContextImpl.java:119)
at com.microsoft.playwright.impl.APIRequestContextImpl.lambda$fetch$1(APIRequestContextImpl.java:43)
at com.microsoft.playwright.impl.LoggingSupport.withLogging(LoggingSupport.java:47)
at com.microsoft.playwright.impl.ChannelOwner.withLogging(ChannelOwner.java:87)
at com.microsoft.playwright.impl.APIRequestContextImpl.fetch(APIRequestContextImpl.java:43)
at com.microsoft.playwright.impl.APIRequestContextImpl.get(APIRequestContextImpl.java:160)
at com.microsoft.playwright.APIRequestContext.get(APIRequestContext.java:249)
at apiPW.com.api.tests.AppTests.pingEnv(AppTests.java:69)
at java.base/jdk.internal.reflect.NativeMethodAccessorImpl.invoke0(Native Method)
at java.base/jdk.internal.reflect.NativeMethodAccessorImpl.invoke(NativeMethodAccessorImpl.java:77)
at java.base/jdk.internal.reflect.DelegatingMethodAccessorImpl.invoke(DelegatingMethodAccessorImpl.java:43)
at java.base/java.lang.reflect.Method.invoke(Method.java:568)
at io.cucumber.java.Invoker.doInvoke(Invoker.java:66)
at io.cucumber.java.Invoker.invoke(Invoker.java:24)
at io.cucumber.java.AbstractGlueDefinition.invokeMethod(AbstractGlueDefinition.java:47)
at io.cucumber.java.JavaStepDefinition.execute(JavaStepDefinition.java:29)
at io.cucumber.core.runner.CoreStepDefinition.execute(CoreStepDefinition.java:66)
at io.cucumber.core.runner.PickleStepDefinitionMatch.runStep(PickleStepDefinitionMatch.java:63)
at io.cucumber.core.runner.ExecutionMode$1.execute(ExecutionMode.java:10)
at io.cucumber.core.runner.TestStep.executeStep(TestStep.java:86)
at io.cucumber.core.runner.TestStep.run(TestStep.java:57)
at io.cucumber.core.runner.PickleStepTestStep.run(PickleStepTestStep.java:51)
at io.cucumber.core.runner.TestCase.run(TestCase.java:95)
at io.cucumber.core.runner.Runner.runPickle(Runner.java:75)
at io.cucumber.testng.TestNGCucumberRunner.lambda$runScenario$1(TestNGCucumberRunner.java:132)
at io.cucumber.core.runtime.CucumberExecutionContext.lambda$runTestCase$3(CucumberExecutionContext.java:110)
at io.cucumber.core.runtime.RethrowingThrowableCollector.executeAndThrow(RethrowingThrowableCollector.java:23)
at io.cucumber.core.runtime.CucumberExecutionContext.runTestCase(CucumberExecutionContext.java:110)
at io.cucumber.testng.TestNGCucumberRunner.runScenario(TestNGCucumberRunner.java:129)
at io.cucumber.testng.AbstractTestNGCucumberTests.runScenario(AbstractTestNGCucumberTests.java:35)
at java.base/jdk.internal.reflect.NativeMethodAccessorImpl.invoke0(Native Method)
at java.base/jdk.internal.reflect.NativeMethodAccessorImpl.invoke(NativeMethodAccessorImpl.java:77)
at java.base/jdk.internal.reflect.DelegatingMethodAccessorImpl.invoke(DelegatingMethodAccessorImpl.java:43)
at java.base/java.lang.reflect.Method.invoke(Method.java:568)
at org.testng.internal.MethodInvocationHelper.invokeMethod(MethodInvocationHelper.java:133)
at org.testng.internal.TestInvoker.invokeMethod(TestInvoker.java:598)
at org.testng.internal.TestInvoker.invokeTestMethod(TestInvoker.java:173)
at org.testng.internal.MethodRunner.runInSequence(MethodRunner.java:46)
at org.testng.internal.TestInvoker$MethodInvocationAgent.invoke(TestInvoker.java:824)
at org.testng.internal.TestInvoker.invokeTestMethods(TestInvoker.java:146)
at org.testng.internal.TestMethodWorker.invokeTestMethods(TestMethodWorker.java:146)
at org.testng.internal.TestMethodWorker.run(TestMethodWorker.java:128)
at java.base/java.util.ArrayList.forEach(ArrayList.java:1511)
at org.testng.TestRunner.privateRun(TestRunner.java:794)
at org.testng.TestRunner.run(TestRunner.java:596)
at org.testng.SuiteRunner.runTest(SuiteRunner.java:377)
at org.testng.SuiteRunner.runSequentially(SuiteRunner.java:371)
at org.testng.SuiteRunner.privateRun(SuiteRunner.java:332)
at org.testng.SuiteRunner.run(SuiteRunner.java:276)
at org.testng.SuiteRunnerWorker.runSuite(SuiteRunnerWorker.java:53)
at org.testng.SuiteRunnerWorker.run(SuiteRunnerWorker.java:96)
at org.testng.TestNG.runSuitesSequentially(TestNG.java:1212)
at org.testng.TestNG.runSuitesLocally(TestNG.java:1134)
at org.testng.TestNG.runSuites(TestNG.java:1063)
at org.testng.TestNG.run(TestNG.java:1031)
at org.testng.remote.AbstractRemoteTestNG.run(AbstractRemoteTestNG.java:115)
at org.testng.remote.RemoteTestNG.initAndRun(RemoteTestNG.java:251)
at org.testng.remote.RemoteTestNG.main(RemoteTestNG.java:77)
]]>
    </failure>
  </testcase> <!-- runScenario -->
</testsuite> <!-- Default test -->
